<?xml version="1.0" encoding="UTF-8"?>
<!-- Generated by org.testng.reporters.JUnitReportReporter -->
<testsuite hostname="DESKTOP-R8C3CCQ" failures="0" tests="3" name="testcases.ChromePTest" time="21.815" errors="0" timestamp="25 Feb 2024 06:37:56 GMT">
  <testcase classname="testcases.ChromePTest" name="TestCaseOne" time="5.125"/>
  <testcase classname="testcases.ChromePTest" name="TestCaseTwo" time="12.988"/>
  <testcase classname="testcases.ChromePTest" name="TestCaseThree" time="3.702"/>
</testsuite> <!-- testcases.ChromePTest -->
