<?xml version="1.0" encoding="UTF-8"?>
<!-- Generated by org.testng.reporters.JUnitReportReporter -->
<testsuite hostname="DESKTOP-R8C3CCQ" failures="0" tests="1" name="testcases.TestScenarioOne" time="3.696" errors="0" timestamp="25 Feb 2024 05:47:48 GMT">
  <testcase classname="testcases.TestScenarioOne" name="TestCaseOne" time="3.696"/>
</testsuite> <!-- testcases.TestScenarioOne -->
