<?xml version="1.0" encoding="UTF-8"?>
<!-- Generated by org.testng.reporters.JUnitReportReporter -->
<testsuite hostname="DESKTOP-R8C3CCQ" failures="0" tests="3" name="testcases.ParallelTest" time="17.530" errors="0" timestamp="25 Feb 2024 10:16:59 GMT">
  <testcase classname="testcases.ParallelTest" name="TestCaseOne" time="3.283"/>
  <testcase classname="testcases.ParallelTest" name="TestCaseThree" time="6.701"/>
  <testcase classname="testcases.ParallelTest" name="TestCaseTwo" time="7.546"/>
</testsuite> <!-- testcases.ParallelTest -->
