<?xml version="1.0" encoding="UTF-8"?>
<!-- Generated by org.testng.reporters.JUnitReportReporter -->
<testsuite hostname="DESKTOP-R8C3CCQ" failures="0" tests="1" name="testcases.TestScenarioTwo" time="9.553" errors="0" timestamp="25 Feb 2024 08:39:52 GMT">
  <testcase classname="testcases.TestScenarioTwo" name="TestCaseOne" time="9.553"/>
</testsuite> <!-- testcases.TestScenarioTwo -->
