<?xml version="1.0" encoding="UTF-8"?>
<!-- Generated by org.testng.reporters.JUnitReportReporter -->
<testsuite hostname="DESKTOP-R8C3CCQ" failures="0" tests="3" name="testcases.ParallelTest" time="32.382" errors="0" timestamp="25 Feb 2024 06:25:52 GMT">
  <testcase classname="testcases.ParallelTest" name="TestCaseTwo" time="12.987"/>
  <testcase classname="testcases.ParallelTest" name="TestCaseOne" time="7.386"/>
  <testcase classname="testcases.ParallelTest" name="TestCaseThree" time="12.009"/>
</testsuite> <!-- testcases.ParallelTest -->
