<?xml version="1.0" encoding="UTF-8"?>
<!-- Generated by org.testng.reporters.JUnitReportReporter -->
<testsuite hostname="DESKTOP-R8C3CCQ" failures="0" tests="1" name="testcases.TestScenarioThree" time="2.572" errors="0" timestamp="25 Feb 2024 08:56:21 GMT">
  <testcase classname="testcases.TestScenarioThree" name="TestCaseOne" time="2.572"/>
</testsuite> <!-- testcases.TestScenarioThree -->
